<?xml version="1.0" encoding="UTF-8" ?>
<testsuite tests="9" failures="0" name="co.edu.unicauca.openmarket.domain.service.ProductServiceTest" time="0.008" errors="0" skipped="0">
  <properties>
[...]
</properties>
  <testcase classname="co.edu.unicauca.openmarket.domain.service.ProductServiceTest" name="co.edu.unicauca.openmarket.domain.service.ProductServiceTest.testEditProductNotFound" time="0.005"/>
  <testcase classname="co.edu.unicauca.openmarket.domain.service.ProductServiceTest" name="co.edu.unicauca.openmarket.domain.service.ProductServiceTest.testFindAllProducts" time="0"/>
  <testcase classname="co.edu.unicauca.openmarket.domain.service.ProductServiceTest" name="co.edu.unicauca.openmarket.domain.service.ProductServiceTest.testFindProductByIdNotFound" time="0.001"/>
  <testcase classname="co.edu.unicauca.openmarket.domain.service.ProductServiceTest" name="co.edu.unicauca.openmarket.domain.service.ProductServiceTest.testDeleteProductNotFound" time="0"/>
  <testcase classname="co.edu.unicauca.openmarket.domain.service.ProductServiceTest" name="co.edu.unicauca.openmarket.domain.service.ProductServiceTest.testSaveProductInvalidName" time="0"/>
  <testcase classname="co.edu.unicauca.openmarket.domain.service.ProductServiceTest" name="co.edu.unicauca.openmarket.domain.service.ProductServiceTest.testFindProductById" time="0.001"/>
  <testcase classname="co.edu.unicauca.openmarket.domain.service.ProductServiceTest" name="co.edu.unicauca.openmarket.domain.service.ProductServiceTest.testEditProduct" time="0.001"/>
  <testcase classname="co.edu.unicauca.openmarket.domain.service.ProductServiceTest" name="co.edu.unicauca.openmarket.domain.service.ProductServiceTest.testSaveProduct" time="0"/>
  <testcase classname="co.edu.unicauca.openmarket.domain.service.ProductServiceTest" name="co.edu.unicauca.openmarket.domain.service.ProductServiceTest.testDeleteProduct" time="0"/>
</testsuite>